0	0	github.com/AYOUBKHALFI/inf3135-h2019
0	0	github.com/Anplante/inf3135-h2019
0	0	github.com/Gawonou/inf3135-h2019
0	0	github.com/GhadaSou/inf3135-h2019
0	0	github.com/MIuliaM/inf3135-h2019
0	0	github.com/OlgaFedo/inf3135-h2019
0	0	github.com/PaulMillimouno/inf3135-h2019
0	0	github.com/Simon19921/inf3135-h2019
0	0	github.com/charimene/inf3135-h2019
0	0	github.com/dychen23/inf3135-h2019
0	0	github.com/fawzig/inf3135-h2019
0	0	github.com/jmbunderground/inf3135-h2019
0	0	github.com/josuetorr/inf3135-h2019
0	0	github.com/justinchenmtl/inf3135-h2019
0	0	github.com/kaidyas21/inf3135-h2019
0	0	github.com/kd-uqam/inf3135-h2019
0	0	github.com/leohersant/inf3135-h2019
0	0	github.com/ltpierre/inf3135-h2019
0	0	github.com/malarissa/inf3135-h2019
0	0	github.com/marouenamri/inf3135-h2019
0	0	github.com/onwilliam/inf3135-h2019
0	0	github.com/powerbear714/inf3135-h2019
0	0	github.com/robinstpierre/inf3135-h2019
0	0	github.com/sanajaziri/inf3135-h2019
0	0	github.com/tannazhz/inf3135-h2019
0	0	github.com/usselsabbat/inf3135-h2019
0	0	gitlab.com/LauG/inf3135-h2019
0	0	gitlab.com/Lisaquirit/inf3135-h2019
0	0	gitlab.com/MHPhoenix/inf3135-h2019
0	1	gitlab.com/Momo_dkt/inf3135-h2019
0	0	gitlab.com/Senerio/inf3135-h2019
0	1	gitlab.com/ardo_fall/inf3135-h2019
0	0	gitlab.com/bassami/inf3135-h2019
0	1	gitlab.com/dMaryse/inf3135-h2019
0	0	gitlab.com/dbrsseau/inf3135-h2019
0	0	gitlab.com/fadi.feghaly/inf3135-h2019
0	1	gitlab.com/geoSara/inf3135-h2019
0	0	gitlab.com/guillaumetb/inf3135-h2019
0	0	gitlab.com/joeybara/inf3135-h2019
0	1	gitlab.com/mahaghozzi/inf3135-h2019
0	1	gitlab.com/oli_lamarche/inf3135-h2019
0	0	gitlab.com/samisihem/inf3135-h2019
0	0	gitlab.com/stebenne/inf3135-h2019
# de depot :43

erreur :
128: Le nom du projet est errone.
